#
# There is insufficient memory for the Java Runtime Environment to continue.
# Native memory allocation (mmap) failed to map 264241152 bytes. Error detail: G1 virtual space
# Possible reasons:
#   The system is out of physical RAM or swap space
#   This process is running with CompressedOops enabled, and the Java Heap may be blocking the growth of the native heap
# Possible solutions:
#   Reduce memory load on the system
#   Increase physical memory or swap space
#   Check if swap backing store is full
#   Decrease Java heap size (-Xmx/-Xms)
#   Decrease number of Java threads
#   Decrease Java thread stack sizes (-Xss)
#   Set larger code cache with -XX:ReservedCodeCacheSize=
#   JVM is running with Zero Based Compressed Oops mode in which the Java heap is
#     placed in the first 32GB address space. The Java Heap base address is the
#     maximum limit for the native heap growth. Please use -XX:HeapBaseMinAddress
#     to set the Java Heap base and to place the Java Heap above 32GB virtual address.
# This output file may be truncated or incomplete.
#
#  Out of Memory Error (os_windows.cpp:3825), pid=43820, tid=34812
#
# JRE version:  (17.0.11+1) (build )
# Java VM: OpenJDK 64-Bit Server VM (17.0.11+1-b1207.24, mixed mode, sharing, tiered, compressed oops, compressed class ptrs, g1 gc, windows-amd64)
# No core dump will be written. Minidumps are not enabled by default on client versions of Windows
#

---------------  S U M M A R Y ------------

Command Line: git4idea.http.GitAskPassApp Username for 'https://github.com': 

Host: 11th Gen Intel(R) Core(TM) i7-1165G7 @ 2.80GHz, 8 cores, 15G,  Windows 11 , 64 bit Build 22621 (10.0.22621.3672)
Time: Mon Jul 29 11:27:19 2024  Windows 11 , 64 bit Build 22621 (10.0.22621.3672) elapsed time: 0.020956 seconds (0d 0h 0m 0s)

---------------  T H R E A D  ---------------

Current thread (0x000002081088bd80):  JavaThread "Unknown thread" [_thread_in_vm, id=34812, stack(0x00000042f6700000,0x00000042f6800000)]

Stack: [0x00000042f6700000,0x00000042f6800000]
Native frames: (J=compiled Java code, j=interpreted, Vv=VM code, C=native code)
V  [jvm.dll+0x6877f9]
V  [jvm.dll+0x8411aa]
V  [jvm.dll+0x842e2e]
V  [jvm.dll+0x843493]
V  [jvm.dll+0x249fdf]
V  [jvm.dll+0x6845c9]
V  [jvm.dll+0x678e7a]
V  [jvm.dll+0x30ab4b]
V  [jvm.dll+0x311ff6]
V  [jvm.dll+0x361a5e]
V  [jvm.dll+0x361c8f]
V  [jvm.dll+0x2e0978]
V  [jvm.dll+0x2e18e4]
V  [jvm.dll+0x811c71]
V  [jvm.dll+0x36f7c8]
V  [jvm.dll+0x7f05f6]
V  [jvm.dll+0x3f398f]
V  [jvm.dll+0x3f5541]
C  [jli.dll+0x528f]
C  [ucrtbase.dll+0x29333]
C  [KERNEL32.DLL+0x1257d]
C  [ntdll.dll+0x5af28]


---------------  P R O C E S S  ---------------

Threads class SMR info:
_java_thread_list=0x00007ffca320efd8, length=0, elements={
}

Java Threads: ( => current thread )

Other Threads:
  0x00000208108f3e10 GCTaskThread "GC Thread#0" [stack: 0x00000042f6800000,0x00000042f6900000] [id=49844]
  0x0000020810904920 ConcurrentGCThread "G1 Main Marker" [stack: 0x00000042f6900000,0x00000042f6a00000] [id=31824]
  0x0000020810906ec0 ConcurrentGCThread "G1 Conc#0" [stack: 0x00000042f6a00000,0x00000042f6b00000] [id=26916]

[error occurred during error reporting (printing all threads), id 0xc0000005, EXCEPTION_ACCESS_VIOLATION (0xc0000005) at pc=0x00007ffca29c1547]

VM state: not at safepoint (not fully initialized)

VM Mutex/Monitor currently owned by a thread:  ([mutex/lock_event])
[0x0000020810886a80] Heap_lock - owner thread: 0x000002081088bd80

Heap address: 0x0000000704400000, size: 4028 MB, Compressed Oops mode: Zero based, Oop shift amount: 3

CDS archive(s) mapped at: [0x0000000000000000-0x0000000000000000-0x0000000000000000), size 0, SharedBaseAddress: 0x0000000800000000, ArchiveRelocationMode: 1.
Narrow klass base: 0x0000000000000000, Narrow klass shift: 0, Narrow klass range: 0x0

GC Precious Log:
<Empty>

Heap:
 garbage-first heap   total 0K, used 0K [0x0000000704400000, 0x0000000800000000)
  region size 2048K, 0 young (0K), 0 survivors (0K)
 Metaspace       used 0K, committed 0K, reserved 0K
  class space    used 0K, committed 0K, reserved 0K

Heap Regions: E=young(eden), S=young(survivor), O=old, HS=humongous(starts), HC=humongous(continues), CS=collection set, F=free, OA=open archive, CA=closed archive, TAMS=top-at-mark-start (previous, next)

Card table byte_map: [0x0000020823b10000,0x00000208242f0000] _byte_map_base: 0x00000208202ee000

Marking Bits (Prev, Next): (CMBitMap*) 0x00000208108f4430, (CMBitMap*) 0x00000208108f4470
 Prev Bits: [0x0000020824ad0000, 0x00000208289c0000)
 Next Bits: [0x00000208289c0000, 0x000002082c8b0000)

GC Heap History (0 events):
No events

Dll operation events (1 events):
Event: 0.014 Loaded shared library C:\Users\admin\AppData\Local\Programs\IntelliJ IDEA Community Edition\jbr\bin\java.dll

Deoptimization events (0 events):
No events

Classes unloaded (0 events):
No events

Classes redefined (0 events):
No events

Internal exceptions (0 events):
No events

VM Operations (0 events):
No events

Events (0 events):
No events


Dynamic libraries:
0x00007ff68eb40000 - 0x00007ff68eb4a000 	C:\Users\admin\AppData\Local\Programs\IntelliJ IDEA Community Edition\jbr\bin\java.exe
0x00007ffd51210000 - 0x00007ffd51427000 	C:\WINDOWS\SYSTEM32\ntdll.dll
0x00007ffd50140000 - 0x00007ffd50204000 	C:\WINDOWS\System32\KERNEL32.DLL
0x00007ffd4eba0000 - 0x00007ffd4ef4d000 	C:\WINDOWS\System32\KERNELBASE.dll
0x0000000068e20000 - 0x0000000068ed2000 	C:\ProgramData\Symantec\Symantec Endpoint Protection\14.3.7393.4000.105\Data\Sysfer\x64\sysfer.dll
0x00007ffd4e870000 - 0x00007ffd4e981000 	C:\WINDOWS\System32\ucrtbase.dll
0x00007ffd29580000 - 0x00007ffd29597000 	C:\Users\admin\AppData\Local\Programs\IntelliJ IDEA Community Edition\jbr\bin\jli.dll
0x00007ffd50d90000 - 0x00007ffd50f3e000 	C:\WINDOWS\System32\USER32.dll
0x00007ffd4e600000 - 0x00007ffd4e626000 	C:\WINDOWS\System32\win32u.dll
0x00007ffd50210000 - 0x00007ffd50239000 	C:\WINDOWS\System32\GDI32.dll
0x00007ffd4ea00000 - 0x00007ffd4eb19000 	C:\WINDOWS\System32\gdi32full.dll
0x00007ffd2cb70000 - 0x00007ffd2ce03000 	C:\WINDOWS\WinSxS\amd64_microsoft.windows.common-controls_6595b64144ccf1df_6.0.22621.3672_none_2713b9d173822955\COMCTL32.dll
0x00007ffd4e7a0000 - 0x00007ffd4e83a000 	C:\WINDOWS\System32\msvcp_win.dll
0x00007ffd4ffb0000 - 0x00007ffd50057000 	C:\WINDOWS\System32\msvcrt.dll
0x00007ffd27cb0000 - 0x00007ffd27ccb000 	C:\Users\admin\AppData\Local\Programs\IntelliJ IDEA Community Edition\jbr\bin\VCRUNTIME140.dll
0x00007ffd4f490000 - 0x00007ffd4f4c1000 	C:\WINDOWS\System32\IMM32.DLL
0x00007ffd484b0000 - 0x00007ffd484bc000 	C:\Users\admin\AppData\Local\Programs\IntelliJ IDEA Community Edition\jbr\bin\vcruntime140_1.dll
0x00007ffd1cc40000 - 0x00007ffd1cccd000 	C:\Users\admin\AppData\Local\Programs\IntelliJ IDEA Community Edition\jbr\bin\msvcp140.dll
0x00007ffca26d0000 - 0x00007ffca3353000 	C:\Users\admin\AppData\Local\Programs\IntelliJ IDEA Community Edition\jbr\bin\server\jvm.dll
0x00007ffd50060000 - 0x00007ffd50112000 	C:\WINDOWS\System32\ADVAPI32.dll
0x00007ffd4ef50000 - 0x00007ffd4eff9000 	C:\WINDOWS\System32\sechost.dll
0x00007ffd4e840000 - 0x00007ffd4e868000 	C:\WINDOWS\System32\bcrypt.dll
0x00007ffd4fb40000 - 0x00007ffd4fc54000 	C:\WINDOWS\System32\RPCRT4.dll
0x00007ffd4d3d0000 - 0x00007ffd4d41d000 	C:\WINDOWS\SYSTEM32\POWRPROF.dll
0x00007ffd45490000 - 0x00007ffd45499000 	C:\WINDOWS\SYSTEM32\WSOCK32.dll
0x00007ffd4fac0000 - 0x00007ffd4fb31000 	C:\WINDOWS\System32\WS2_32.dll
0x00007ffd45780000 - 0x00007ffd457b4000 	C:\WINDOWS\SYSTEM32\WINMM.dll
0x00007ffd439b0000 - 0x00007ffd439ba000 	C:\WINDOWS\SYSTEM32\VERSION.dll
0x00007ffd4d3b0000 - 0x00007ffd4d3c3000 	C:\WINDOWS\SYSTEM32\UMPDC.dll
0x00007ffd4d660000 - 0x00007ffd4d678000 	C:\WINDOWS\SYSTEM32\kernel.appcore.dll
0x00007ffd3d840000 - 0x00007ffd3d84a000 	C:\Users\admin\AppData\Local\Programs\IntelliJ IDEA Community Edition\jbr\bin\jimage.dll
0x00007ffd4bd30000 - 0x00007ffd4bf62000 	C:\WINDOWS\SYSTEM32\DBGHELP.DLL
0x00007ffd4f000000 - 0x00007ffd4f388000 	C:\WINDOWS\System32\combase.dll
0x00007ffd4f4d0000 - 0x00007ffd4f5a7000 	C:\WINDOWS\System32\OLEAUT32.dll
0x00007ffd41b70000 - 0x00007ffd41ba2000 	C:\WINDOWS\SYSTEM32\dbgcore.DLL
0x00007ffd4eb20000 - 0x00007ffd4eb9b000 	C:\WINDOWS\System32\bcryptPrimitives.dll
0x00007ffd2c230000 - 0x00007ffd2c255000 	C:\Users\admin\AppData\Local\Programs\IntelliJ IDEA Community Edition\jbr\bin\java.dll

dbghelp: loaded successfully - version: 4.0.5 - missing functions: none
symbol engine: initialized successfully - sym options: 0x614 - pdb path: .;C:\Users\admin\AppData\Local\Programs\IntelliJ IDEA Community Edition\jbr\bin;C:\WINDOWS\SYSTEM32;C:\ProgramData\Symantec\Symantec Endpoint Protection\14.3.7393.4000.105\Data\Sysfer\x64;C:\WINDOWS\WinSxS\amd64_microsoft.windows.common-controls_6595b64144ccf1df_6.0.22621.3672_none_2713b9d173822955;C:\Users\admin\AppData\Local\Programs\IntelliJ IDEA Community Edition\jbr\bin\server

VM Arguments:
java_command: git4idea.http.GitAskPassApp Username for 'https://github.com': 
java_class_path (initial): C:/Users/admin/AppData/Local/Programs/IntelliJ IDEA Community Edition/plugins/vcs-git/lib/git4idea-rt.jar;C:/Users/admin/AppData/Local/Programs/IntelliJ IDEA Community Edition/lib/externalProcess-rt.jar
Launcher Type: SUN_STANDARD

[Global flags]
     intx CICompilerCount                          = 4                                         {product} {ergonomic}
     uint ConcGCThreads                            = 2                                         {product} {ergonomic}
     uint G1ConcRefinementThreads                  = 8                                         {product} {ergonomic}
   size_t G1HeapRegionSize                         = 2097152                                   {product} {ergonomic}
    uintx GCDrainStackTargetSize                   = 64                                        {product} {ergonomic}
   size_t InitialHeapSize                          = 264241152                                 {product} {ergonomic}
   size_t MarkStackSize                            = 4194304                                   {product} {ergonomic}
   size_t MaxHeapSize                              = 4223664128                                {product} {ergonomic}
   size_t MinHeapDeltaBytes                        = 2097152                                   {product} {ergonomic}
   size_t MinHeapSize                              = 8388608                                   {product} {ergonomic}
    uintx NonNMethodCodeHeapSize                   = 5839372                                {pd product} {ergonomic}
    uintx NonProfiledCodeHeapSize                  = 122909434                              {pd product} {ergonomic}
    uintx ProfiledCodeHeapSize                     = 122909434                              {pd product} {ergonomic}
    uintx ReservedCodeCacheSize                    = 251658240                              {pd product} {ergonomic}
     bool SegmentedCodeCache                       = true                                      {product} {ergonomic}
   size_t SoftMaxHeapSize                          = 4223664128                             {manageable} {ergonomic}
     bool UseCompressedClassPointers               = true                           {product lp64_product} {ergonomic}
     bool UseCompressedOops                        = true                           {product lp64_product} {ergonomic}
     bool UseG1GC                                  = true                                      {product} {ergonomic}
     bool UseLargePagesIndividualAllocation        = false                                  {pd product} {ergonomic}

Logging:
Log output configuration:
 #0: stdout all=warning uptime,level,tags
 #1: stderr all=off uptime,level,tags

Environment Variables:
PATH=C:\Program Files\Git\mingw64\libexec\git-core;C:\Program Files\Git\mingw64\libexec\git-core;C:\Program Files\Git\mingw64\bin;C:\Program Files\Git\usr\bin;C:\Users\admin\bin;C:\WINDOWS\system32;C:\WINDOWS;C:\WINDOWS\System32\Wbem;C:\WINDOWS\System32\WindowsPowerShell\v1.0;C:\WINDOWS\System32\OpenSSH;C:\Program Files (x86)\Pulse Secure\VC142.CRT\X64;C:\Program Files (x86)\Pulse Secure\VC142.CRT\X86;C:\Program Files (x86)\Common Files\Pulse Secure\TNC Client Plugin;C:\Program Files\Git\cmd;C:\Users\admin\AppData\Local\Programs\Python\Launcher;C:\Users\admin\AppData\Local\Microsoft\WindowsApps;C:\Users\admin\AppData\Local\JetBrains\Toolbox\scripts
USERNAME=admin
DISPLAY=:0.0
LC_ALL=en_US.UTF-8
TERM=xterm-256color
TMPDIR=C:\Users\admin\AppData\Local\Temp
OS=Windows_NT
PROCESSOR_IDENTIFIER=Intel64 Family 6 Model 140 Stepping 1, GenuineIntel
TMP=C:\Users\admin\AppData\Local\Temp
TEMP=C:\Users\admin\AppData\Local\Temp



Periodic native trim disabled

JNI global refs:
JNI global refs: 0, weak refs: 0

JNI global refs memory usage: 0, weak refs: 0

Process memory usage:
Resident Set Size: 13344K (0% of 16493624K total physical memory with 1281612K free physical memory)

OOME stack traces (most recent first):
Classloader memory used:


---------------  S Y S T E M  ---------------

OS:
 Windows 11 , 64 bit Build 22621 (10.0.22621.3672)
OS uptime: 19 days 6:05 hours

CPU: total 8 (initial active 8) (4 cores per cpu, 2 threads per core) family 6 model 140 stepping 1 microcode 0xac, cx8, cmov, fxsr, ht, mmx, 3dnowpref, sse, sse2, sse3, ssse3, sse4.1, sse4.2, popcnt, lzcnt, tsc, tscinvbit, avx, avx2, aes, erms, clmul, bmi1, bmi2, adx, avx512f, avx512dq, avx512cd, avx512bw, avx512vl, sha, fma, vzeroupper, avx512_vpopcntdq, avx512_vpclmulqdq, avx512_vaes, avx512_vnni, clflush, clflushopt, clwb, avx512_vbmi2, avx512_vbmi
Processor Information for all 8 processors :
  Max Mhz: 2803, Current Mhz: 1201, Mhz Limit: 1177

Memory: 4k page, system-wide physical 16107M (1252M free)
TotalPageFile size 65259M (AvailPageFile size 18M)
current process WorkingSet (physical memory assigned to process): 13M, peak: 13M
current process commit charge ("private bytes"): 60M, peak: 312M

vm_info: OpenJDK 64-Bit Server VM (17.0.11+1-b1207.24) for windows-amd64 JRE (17.0.11+1-b1207.24), built on 2024-05-15 by "builduser" with MS VC++ 16.10 / 16.11 (VS2019)

END.
